Бот готов и вошел как Dickyu PON#0170
Управление: теперь все команды доступны и в консоли, и в чате.
Консоль: используй "help" для списка команд, включая "mimic <ID>" и "exit".
Чат: используйте префикс "Sudo Hack <команда>".
Консоль: Вводи команды. Используй 'help' для списка команд.

Доступные команды в консоли:
- whois <ID> <пароль> (отправляет отчёт в ЛС)
- change_nick <ID пользователя> <новый ник>
- - change_all_nicks <новый ник>
- send_message <#канал или ID> <сообщение>
- add_role <ID пользователя> <ID роли>
- remove_role <ID пользователя> <ID роли> (убрать роль)
- spam <#канал или ID> <количество> <сообщение>
- clear <#канал или ID> <кол-во> (очистка чата)
- clear_user <#канал или ID> <ID пользователя> <кол-во> (очистка сообщений конкретного пользователя)
- mimic <ID пользователя> (включает маскировку)
- mimic_off (отключает маскировку)
- move_to <ID пользователя> <#канал или ID>
- move_all_to <#канал или ID>
- lockdown <#канал или ID>
- lockdown_off <#канал или ID>
- change_topic <#канал или ID> <новая_тема>
- schedule_spam <#канал или ID> <кол-во> <сообщение> <секунды задержки>
- show_logs [<номер>] (показать список логов или содержимое выбранного)
- auto_role <ID роли> <T/F> (вкл/выкл автовыдачу роли и оповещение об инвайте)
- extreg (включить режим экстренной регистрации)
- extreg_off (отключить режим экстренной регистрации)
- exit (выключает бота)

- Reset_pass <новый_пароль> <подтверждение> (работает ТОЛЬКО в ЛС с ботом)
